<?xml version="1.0" encoding="UTF-8"?>
<!-- Generated by org.testng.reporters.JUnitReportReporter -->
<testsuite hostname="User-PC" name="com.example.tests.FolderCreation" tests="3" failures="0" timestamp="8 Apr 2014 07:13:01 GMT" time="16.223" errors="0">
  <testcase name="VariousFoldersCreation" time="6.546" classname="com.example.tests.FolderCreation"/>
  <testcase name="SomeFolderCreation" time="3.292" classname="com.example.tests.FolderCreation"/>
  <testcase name="SameFoldersCreation" time="6.385" classname="com.example.tests.FolderCreation"/>
</testsuite> <!-- com.example.tests.FolderCreation -->
