<?xml version="1.0" encoding="UTF-8"?>
<!-- Generated by org.testng.reporters.JUnitReportReporter -->
<testsuite hostname="User-PC" name="com.example.tests.FolderCreation" tests="1" failures="0" timestamp="5 Apr 2014 11:58:48 GMT" time="2.177" errors="0">
  <testcase name="FolderCreation" time="2.177" classname="com.example.tests.FolderCreation"/>
</testsuite> <!-- com.example.tests.FolderCreation -->
