<?xml version="1.0" encoding="UTF-8"?>
<!-- Generated by org.testng.reporters.JUnitReportReporter -->
<testsuite hostname="User-PC" name="com.example.tests.FolderCreation" tests="3" failures="0" timestamp="8 Apr 2014 07:03:09 GMT" time="15.934" errors="0">
  <testcase name="SomeFolderCreation" time="3.385" classname="com.example.tests.FolderCreation"/>
  <testcase name="VariousFoldersCreation" time="6.741" classname="com.example.tests.FolderCreation"/>
  <testcase name="SameFoldersCreation" time="5.808" classname="com.example.tests.FolderCreation"/>
</testsuite> <!-- com.example.tests.FolderCreation -->
